[ 2016-05-11T13:49:08+08:00 ] ::1 /albumO/src/Home/Index/login
INFO: [ app_begin ] --START--
INFO: Run Behavior\ReadHtmlCacheBehavior [ RunTime:0.001000s ]
INFO: [ app_begin ] --END-- [ RunTime:0.001000s ]
SQL: SHOW COLUMNS FROM `user` [ RunTime:0.0020s ]
SQL: SELECT * FROM `user` WHERE `email` = '598119677@qq.com' AND `password` = '111111' LIMIT 1   [ RunTime:0.0000s ]

[ 2016-05-11T15:13:27+08:00 ] ::1 /albumO/src/Home/Index/login
INFO: [ app_begin ] --START--
INFO: Run Behavior\ReadHtmlCacheBehavior [ RunTime:0.001000s ]
INFO: [ app_begin ] --END-- [ RunTime:0.001000s ]
SQL: SHOW COLUMNS FROM `user` [ RunTime:0.0030s ]
SQL: SELECT * FROM `user` WHERE `email` = '598119677@qq.com' AND `password` = '111111' LIMIT 1   [ RunTime:0.0010s ]

[ 2016-05-11T15:13:33+08:00 ] ::1 /albumO/src/Home/Index/login
INFO: [ app_begin ] --START--
INFO: Run Behavior\ReadHtmlCacheBehavior [ RunTime:0.000000s ]
INFO: [ app_begin ] --END-- [ RunTime:0.001000s ]
SQL: SHOW COLUMNS FROM `user` [ RunTime:0.0020s ]
SQL: SELECT * FROM `user` WHERE `email` = '598119677@qq.com' AND `password` = '111' LIMIT 1   [ RunTime:0.0000s ]

[ 2016-05-11T15:17:17+08:00 ] ::1 /albumO/src/Home/Index/login
INFO: [ app_begin ] --START--
INFO: Run Behavior\ReadHtmlCacheBehavior [ RunTime:0.000000s ]
INFO: [ app_begin ] --END-- [ RunTime:0.001000s ]
SQL: SHOW COLUMNS FROM `user` [ RunTime:0.0010s ]
SQL: SELECT * FROM `user` WHERE `email` = '598119677@qq.com' AND `password` = 'gad' LIMIT 1   [ RunTime:0.0000s ]

[ 2016-05-11T15:17:21+08:00 ] ::1 /albumO/src/Home/Index/login
INFO: [ app_begin ] --START--
INFO: Run Behavior\ReadHtmlCacheBehavior [ RunTime:0.000000s ]
INFO: [ app_begin ] --END-- [ RunTime:0.001000s ]
SQL: SHOW COLUMNS FROM `user` [ RunTime:0.0030s ]
SQL: SELECT * FROM `user` WHERE `email` = '598119677@qq.com' AND `password` = '111' LIMIT 1   [ RunTime:0.0000s ]

[ 2016-05-11T15:18:35+08:00 ] ::1 /albumO/src/Home/Index/login
INFO: [ app_begin ] --START--
INFO: Run Behavior\ReadHtmlCacheBehavior [ RunTime:0.000000s ]
INFO: [ app_begin ] --END-- [ RunTime:0.000000s ]
SQL: SHOW COLUMNS FROM `user` [ RunTime:0.0030s ]
SQL: SELECT * FROM `user` WHERE `email` = '598119677@qq.com' AND `password` = '111' LIMIT 1   [ RunTime:0.0000s ]

[ 2016-05-11T15:20:14+08:00 ] ::1 /albumO/src/Home/Index/login
INFO: [ app_begin ] --START--
INFO: Run Behavior\ReadHtmlCacheBehavior [ RunTime:0.001000s ]
INFO: [ app_begin ] --END-- [ RunTime:0.002001s ]
SQL: SHOW COLUMNS FROM `user` [ RunTime:0.0020s ]
SQL: SELECT * FROM `user` WHERE `email` = '598119677@qq.com' AND `password` = '111' LIMIT 1   [ RunTime:0.0000s ]

