[ 2016-05-10T15:02:15+08:00 ] ::1 /albumO/src/Home/Index/photo
ERR: 非法操作:photo

[ 2016-05-10T15:02:48+08:00 ] ::1 /albumO/src/Home/Index/photo
ERR: 非法操作:photo

[ 2016-05-10T15:03:10+08:00 ] ::1 /albumO/src/Home/Index/photos
ERR: 模板不存在:./App/Home/View/Index/photos.html

[ 2016-05-10T20:08:45+08:00 ] ::1 /albumO/src/Home/Index/login
INFO: [ app_begin ] --START--
INFO: Run Behavior\ReadHtmlCacheBehavior [ RunTime:0.000000s ]
INFO: [ app_begin ] --END-- [ RunTime:0.001000s ]
INFO: [ app_end ] --START--
INFO: Run Behavior\ShowPageTraceBehavior [ RunTime:0.001000s ]
INFO: [ app_end ] --END-- [ RunTime:0.001000s ]

[ 2016-05-10T20:12:47+08:00 ] ::1 /albumO/src/Home/Index/login
INFO: [ app_begin ] --START--
INFO: Run Behavior\ReadHtmlCacheBehavior [ RunTime:0.001000s ]
INFO: [ app_begin ] --END-- [ RunTime:0.001000s ]
INFO: [ app_end ] --START--
INFO: Run Behavior\ShowPageTraceBehavior [ RunTime:0.001000s ]
INFO: [ app_end ] --END-- [ RunTime:0.001000s ]

[ 2016-05-10T20:19:38+08:00 ] ::1 /albumO/src/Home/Index/login
INFO: [ app_begin ] --START--
INFO: Run Behavior\ReadHtmlCacheBehavior [ RunTime:0.001001s ]
INFO: [ app_begin ] --END-- [ RunTime:0.002001s ]
SQL: SHOW COLUMNS FROM `user` [ RunTime:0.0020s ]
NOTIC: [8] Undefined variable: User D:\phpStudy\WWW\albumO\src\App\Home\Controller\IndexController.class.php 第 22 行.

[ 2016-05-10T20:19:57+08:00 ] ::1 /albumO/src/Home/Index/login
INFO: [ app_begin ] --START--
INFO: Run Behavior\ReadHtmlCacheBehavior [ RunTime:0.001000s ]
INFO: [ app_begin ] --END-- [ RunTime:0.001000s ]
SQL: SHOW COLUMNS FROM `user` [ RunTime:0.0020s ]
NOTIC: [8] Undefined variable: User D:\phpStudy\WWW\albumO\src\App\Home\Controller\IndexController.class.php 第 22 行.

[ 2016-05-10T20:20:05+08:00 ] ::1 /albumO/src/Home/Index/login
INFO: [ app_begin ] --START--
INFO: Run Behavior\ReadHtmlCacheBehavior [ RunTime:0.001000s ]
INFO: [ app_begin ] --END-- [ RunTime:0.001000s ]
SQL: SHOW COLUMNS FROM `user` [ RunTime:0.0050s ]
NOTIC: [8] Undefined variable: User D:\phpStudy\WWW\albumO\src\App\Home\Controller\IndexController.class.php 第 22 行.

[ 2016-05-10T20:20:48+08:00 ] ::1 /albumO/src/Home/Index/login
INFO: [ app_begin ] --START--
INFO: Run Behavior\ReadHtmlCacheBehavior [ RunTime:0.001000s ]
INFO: [ app_begin ] --END-- [ RunTime:0.001000s ]
SQL: SHOW COLUMNS FROM `user` [ RunTime:0.0020s ]
NOTIC: [8] Undefined variable: User D:\phpStudy\WWW\albumO\src\App\Home\Controller\IndexController.class.php 第 22 行.

[ 2016-05-10T20:21:18+08:00 ] ::1 /albumO/src/Home/Index/login
INFO: [ app_begin ] --START--
INFO: Run Behavior\ReadHtmlCacheBehavior [ RunTime:0.000000s ]
INFO: [ app_begin ] --END-- [ RunTime:0.002000s ]
SQL: SHOW COLUMNS FROM `user` [ RunTime:0.0030s ]
SQL: SELECT * FROM `user` WHERE `email` = '598119677@qq.com' AND `password` = 'gad' LIMIT 1   [ RunTime:0.0010s ]

[ 2016-05-10T20:21:41+08:00 ] ::1 /albumO/src/Home/Index/login
INFO: [ app_begin ] --START--
INFO: Run Behavior\ReadHtmlCacheBehavior [ RunTime:0.001000s ]
INFO: [ app_begin ] --END-- [ RunTime:0.001000s ]
SQL: SHOW COLUMNS FROM `user` [ RunTime:0.0020s ]
SQL: SELECT * FROM `user` WHERE `email` = '598119677@qq.com' AND `password` = '111111' LIMIT 1   [ RunTime:0.0000s ]

[ 2016-05-10T20:22:45+08:00 ] ::1 /albumO/src/Home/Index/login
INFO: [ app_begin ] --START--
INFO: Run Behavior\ReadHtmlCacheBehavior [ RunTime:0.001000s ]
INFO: [ app_begin ] --END-- [ RunTime:0.002000s ]
SQL: SHOW COLUMNS FROM `user` [ RunTime:0.0030s ]
SQL: SELECT * FROM `user` WHERE `email` = '598119677@qq.com' AND `password` = 'gad' LIMIT 1   [ RunTime:0.0000s ]

[ 2016-05-10T20:22:53+08:00 ] ::1 /albumO/src/Home/Index/login
INFO: [ app_begin ] --START--
INFO: Run Behavior\ReadHtmlCacheBehavior [ RunTime:0.001000s ]
INFO: [ app_begin ] --END-- [ RunTime:0.001000s ]
SQL: SHOW COLUMNS FROM `user` [ RunTime:0.0020s ]
SQL: SELECT * FROM `user` WHERE `email` = '598119677@qq.com' AND `password` = '111111' LIMIT 1   [ RunTime:0.0000s ]

[ 2016-05-10T20:28:10+08:00 ] ::1 /albumO/src/Home/Index/login
INFO: [ app_begin ] --START--
INFO: Run Behavior\ReadHtmlCacheBehavior [ RunTime:0.001000s ]
INFO: [ app_begin ] --END-- [ RunTime:0.002000s ]
SQL: SHOW COLUMNS FROM `user` [ RunTime:0.0030s ]
SQL: SELECT * FROM `user` WHERE `email` = '598119677@qq.com' AND `password` = 'gad' LIMIT 1   [ RunTime:0.0000s ]

[ 2016-05-10T20:28:16+08:00 ] ::1 /albumO/src/Home/Index/login
INFO: [ app_begin ] --START--
INFO: Run Behavior\ReadHtmlCacheBehavior [ RunTime:0.001000s ]
INFO: [ app_begin ] --END-- [ RunTime:0.001000s ]
SQL: SHOW COLUMNS FROM `user` [ RunTime:0.0030s ]
SQL: SELECT * FROM `user` WHERE `email` = '598119677@qq.com' AND `password` = '111111' LIMIT 1   [ RunTime:0.0010s ]

[ 2016-05-10T20:29:44+08:00 ] ::1 /albumO/src/Home/Index/login
INFO: [ app_begin ] --START--
INFO: Run Behavior\ReadHtmlCacheBehavior [ RunTime:0.001000s ]
INFO: [ app_begin ] --END-- [ RunTime:0.001000s ]
SQL: SHOW COLUMNS FROM `user` [ RunTime:0.0030s ]
SQL: SELECT * FROM `user` WHERE `email` = '598119677@qq.com' AND `password` = '111111' LIMIT 1   [ RunTime:0.0000s ]

[ 2016-05-10T20:29:53+08:00 ] ::1 /albumO/src/Home/Index/login
INFO: [ app_begin ] --START--
INFO: Run Behavior\ReadHtmlCacheBehavior [ RunTime:0.001000s ]
INFO: [ app_begin ] --END-- [ RunTime:0.002000s ]
SQL: SHOW COLUMNS FROM `user` [ RunTime:0.0020s ]
SQL: SELECT * FROM `user` WHERE `email` = '598119677@qq.com' AND `password` = '111111' LIMIT 1   [ RunTime:0.0000s ]

[ 2016-05-10T20:32:42+08:00 ] ::1 /albumO/src/Home/Index/login
INFO: [ app_begin ] --START--
INFO: Run Behavior\ReadHtmlCacheBehavior [ RunTime:0.001000s ]
INFO: [ app_begin ] --END-- [ RunTime:0.001000s ]
SQL: SHOW COLUMNS FROM `user` [ RunTime:0.0010s ]
SQL: SELECT * FROM `user` WHERE `email` = '598119677@qq.com' AND `password` = '111111' LIMIT 1   [ RunTime:0.0000s ]

[ 2016-05-10T20:41:40+08:00 ] ::1 /albumO/src/Home/Index/login
INFO: [ app_begin ] --START--
INFO: Run Behavior\ReadHtmlCacheBehavior [ RunTime:0.001000s ]
INFO: [ app_begin ] --END-- [ RunTime:0.001000s ]
SQL: SHOW COLUMNS FROM `user` [ RunTime:0.0020s ]
SQL: SELECT * FROM `user` WHERE `email` = '598119677@qq.com' AND `password` = '111111' LIMIT 1   [ RunTime:0.0000s ]

[ 2016-05-10T20:42:12+08:00 ] ::1 /albumO/src/Home/Index/login
INFO: [ app_begin ] --START--
INFO: Run Behavior\ReadHtmlCacheBehavior [ RunTime:0.001000s ]
INFO: [ app_begin ] --END-- [ RunTime:0.001000s ]
SQL: SHOW COLUMNS FROM `user` [ RunTime:0.0030s ]
SQL: SELECT * FROM `user` WHERE `email` = '598119677@qq.com' AND `password` = '111111' LIMIT 1   [ RunTime:0.0010s ]

[ 2016-05-10T20:43:11+08:00 ] ::1 /albumO/src/Home/Index/login
INFO: [ app_begin ] --START--
INFO: Run Behavior\ReadHtmlCacheBehavior [ RunTime:0.001000s ]
INFO: [ app_begin ] --END-- [ RunTime:0.001000s ]
SQL: SHOW COLUMNS FROM `user` [ RunTime:0.0040s ]
SQL: SELECT * FROM `user` WHERE `email` = '598119677@qq.com' AND `password` = '111111' LIMIT 1   [ RunTime:0.0010s ]

[ 2016-05-10T20:43:11+08:00 ] ::1 /albumO/src/Home/Index/undefined
ERR: 非法操作:undefined

[ 2016-05-10T20:44:55+08:00 ] ::1 /albumO/src/Home/Index/undefined
ERR: 非法操作:undefined

[ 2016-05-10T20:44:55+08:00 ] ::1 /albumO/src/Home/Index/undefined
ERR: 非法操作:undefined

[ 2016-05-10T20:44:56+08:00 ] ::1 /albumO/src/Home/Index/undefined
ERR: 非法操作:undefined

[ 2016-05-10T20:46:03+08:00 ] ::1 /albumO/src/Home/Index/undefined
ERR: 非法操作:undefined

[ 2016-05-10T20:46:03+08:00 ] ::1 /albumO/src/Home/Index/undefined
ERR: 非法操作:undefined

[ 2016-05-10T20:46:03+08:00 ] ::1 /albumO/src/Home/Index/undefined
ERR: 非法操作:undefined

[ 2016-05-10T20:46:03+08:00 ] ::1 /albumO/src/Home/Index/undefined
ERR: 非法操作:undefined

[ 2016-05-10T20:46:03+08:00 ] ::1 /albumO/src/Home/Index/undefined
ERR: 非法操作:undefined

[ 2016-05-10T20:48:20+08:00 ] ::1 /albumO/src/Home/Index/undefined
ERR: 非法操作:undefined

[ 2016-05-10T20:48:21+08:00 ] ::1 /albumO/src/Home/Index/undefined
ERR: 非法操作:undefined

[ 2016-05-10T20:48:21+08:00 ] ::1 /albumO/src/Home/Index/undefined
ERR: 非法操作:undefined

[ 2016-05-10T20:48:21+08:00 ] ::1 /albumO/src/Home/Index/undefined
ERR: 非法操作:undefined

[ 2016-05-10T20:48:21+08:00 ] ::1 /albumO/src/Home/Index/undefined
ERR: 非法操作:undefined

[ 2016-05-10T20:48:22+08:00 ] ::1 /albumO/src/Home/Index/undefined
ERR: 非法操作:undefined

[ 2016-05-10T20:48:22+08:00 ] ::1 /albumO/src/Home/Index/undefined
ERR: 非法操作:undefined

[ 2016-05-10T20:48:22+08:00 ] ::1 /albumO/src/Home/Index/undefined
ERR: 非法操作:undefined

[ 2016-05-10T20:48:40+08:00 ] ::1 /albumO/src/Home/Index/login
INFO: [ app_begin ] --START--
INFO: Run Behavior\ReadHtmlCacheBehavior [ RunTime:0.001000s ]
INFO: [ app_begin ] --END-- [ RunTime:0.001000s ]
SQL: SHOW COLUMNS FROM `user` [ RunTime:0.0030s ]
SQL: SELECT * FROM `user` WHERE `email` = '598119677@qq.com' AND `password` = '111111' LIMIT 1   [ RunTime:0.0000s ]

[ 2016-05-10T20:49:54+08:00 ] ::1 /albumO/src/Home/Index/login
INFO: [ app_begin ] --START--
INFO: Run Behavior\ReadHtmlCacheBehavior [ RunTime:0.000000s ]
INFO: [ app_begin ] --END-- [ RunTime:0.001000s ]
SQL: SHOW COLUMNS FROM `user` [ RunTime:0.0020s ]
SQL: SELECT * FROM `user` WHERE `email` = '598119677@qq.com' AND `password` = '111111' LIMIT 1   [ RunTime:0.0000s ]

[ 2016-05-10T20:50:38+08:00 ] ::1 /albumO/src/Home/Index/login
INFO: [ app_begin ] --START--
INFO: Run Behavior\ReadHtmlCacheBehavior [ RunTime:0.001000s ]
INFO: [ app_begin ] --END-- [ RunTime:0.002000s ]
SQL: SHOW COLUMNS FROM `user` [ RunTime:0.0020s ]
SQL: SELECT * FROM `user` WHERE `email` = '598119677@qq.com' AND `password` = '111111' LIMIT 1   [ RunTime:0.0000s ]

[ 2016-05-10T20:53:46+08:00 ] ::1 /albumO/src/Home/Index/login
INFO: [ app_begin ] --START--
INFO: Run Behavior\ReadHtmlCacheBehavior [ RunTime:0.001000s ]
INFO: [ app_begin ] --END-- [ RunTime:0.001000s ]
SQL: SHOW COLUMNS FROM `user` [ RunTime:0.0020s ]
SQL: SELECT * FROM `user` WHERE `email` = '598119677@qq.com' AND `password` = '111111' LIMIT 1   [ RunTime:0.0000s ]

[ 2016-05-10T20:54:05+08:00 ] ::1 /albumO/src/Home/Index/login
INFO: [ app_begin ] --START--
INFO: Run Behavior\ReadHtmlCacheBehavior [ RunTime:0.001000s ]
INFO: [ app_begin ] --END-- [ RunTime:0.002000s ]
SQL: SHOW COLUMNS FROM `user` [ RunTime:0.0030s ]
SQL: SELECT * FROM `user` WHERE `email` = '598119677@qq.com' AND `password` = '111111' LIMIT 1   [ RunTime:0.0000s ]

[ 2016-05-10T20:54:08+08:00 ] ::1 /albumO/src/Home/Index/login
INFO: [ app_begin ] --START--
INFO: Run Behavior\ReadHtmlCacheBehavior [ RunTime:0.001000s ]
INFO: [ app_begin ] --END-- [ RunTime:0.002000s ]
SQL: SHOW COLUMNS FROM `user` [ RunTime:0.0000s ]
SQL: SELECT * FROM `user` WHERE `email` = '598119677@qq.com' AND `password` = '111111' LIMIT 1   [ RunTime:0.0000s ]

[ 2016-05-10T20:54:45+08:00 ] ::1 /albumO/src/Home/Index/login
INFO: [ app_begin ] --START--
INFO: Run Behavior\ReadHtmlCacheBehavior [ RunTime:0.000000s ]
INFO: [ app_begin ] --END-- [ RunTime:0.001000s ]
SQL: SHOW COLUMNS FROM `user` [ RunTime:0.0030s ]
SQL: SELECT * FROM `user` WHERE `email` = '598119677@qq.com' AND `password` = '111111' LIMIT 1   [ RunTime:0.0010s ]

[ 2016-05-10T20:55:09+08:00 ] ::1 /albumO/src/Home/Index/login
INFO: [ app_begin ] --START--
INFO: Run Behavior\ReadHtmlCacheBehavior [ RunTime:0.001001s ]
INFO: [ app_begin ] --END-- [ RunTime:0.001001s ]
SQL: SHOW COLUMNS FROM `user` [ RunTime:0.0030s ]
SQL: SELECT * FROM `user` WHERE `email` = '598119677@qq.com' AND `password` = '111111' LIMIT 1   [ RunTime:0.0000s ]

[ 2016-05-10T21:02:50+08:00 ] ::1 /albumO/src/Home/Index/login
INFO: [ app_begin ] --START--
INFO: Run Behavior\ReadHtmlCacheBehavior [ RunTime:0.001000s ]
INFO: [ app_begin ] --END-- [ RunTime:0.001000s ]
SQL: SHOW COLUMNS FROM `user` [ RunTime:0.0000s ]
SQL: SELECT * FROM `user` WHERE `email` = '598119677@qq.com' AND `password` = 'gad' LIMIT 1   [ RunTime:0.0000s ]

[ 2016-05-10T21:02:56+08:00 ] ::1 /albumO/src/Home/Index/login
INFO: [ app_begin ] --START--
INFO: Run Behavior\ReadHtmlCacheBehavior [ RunTime:0.001000s ]
INFO: [ app_begin ] --END-- [ RunTime:0.001000s ]
SQL: SHOW COLUMNS FROM `user` [ RunTime:0.0020s ]
SQL: SELECT * FROM `user` WHERE `email` = '598119677@qq.com' AND `password` = '111111' LIMIT 1   [ RunTime:0.0000s ]
INFO: [ view_parse ] --START--
INFO: [ template_filter ] --START--
INFO: Run Behavior\ContentReplaceBehavior [ RunTime:0.000000s ]
INFO: [ template_filter ] --END-- [ RunTime:0.000000s ]
INFO: Run Behavior\ParseTemplateBehavior [ RunTime:0.007001s ]
INFO: [ view_parse ] --END-- [ RunTime:0.007001s ]
INFO: [ view_filter ] --START--
INFO: Run Behavior\WriteHtmlCacheBehavior [ RunTime:0.000000s ]
INFO: [ view_filter ] --END-- [ RunTime:0.000000s ]
INFO: [ app_end ] --START--
INFO: Run Behavior\ShowPageTraceBehavior [ RunTime:0.001000s ]
INFO: [ app_end ] --END-- [ RunTime:0.001000s ]

[ 2016-05-10T21:02:57+08:00 ] ::1 /albumO/src/Home/Index/login
INFO: [ app_begin ] --START--
INFO: Run Behavior\ReadHtmlCacheBehavior [ RunTime:0.001000s ]
INFO: [ app_begin ] --END-- [ RunTime:0.001000s ]
SQL: SHOW COLUMNS FROM `user` [ RunTime:0.0000s ]
SQL: SELECT * FROM `user` WHERE `email` = '598119677@qq.com' AND `password` = '111111' LIMIT 1   [ RunTime:0.0000s ]
INFO: [ view_parse ] --START--
INFO: [ template_filter ] --START--
INFO: Run Behavior\ContentReplaceBehavior [ RunTime:0.000000s ]
INFO: [ template_filter ] --END-- [ RunTime:0.000000s ]
INFO: Run Behavior\ParseTemplateBehavior [ RunTime:0.015600s ]
INFO: [ view_parse ] --END-- [ RunTime:0.015600s ]
INFO: [ view_filter ] --START--
INFO: Run Behavior\WriteHtmlCacheBehavior [ RunTime:0.000000s ]
INFO: [ view_filter ] --END-- [ RunTime:0.000000s ]
INFO: [ app_end ] --START--
INFO: Run Behavior\ShowPageTraceBehavior [ RunTime:0.000000s ]
INFO: [ app_end ] --END-- [ RunTime:0.000000s ]

[ 2016-05-10T21:03:23+08:00 ] ::1 /albumO/src/Home/Index/login
INFO: [ app_begin ] --START--
INFO: Run Behavior\ReadHtmlCacheBehavior [ RunTime:0.000000s ]
INFO: [ app_begin ] --END-- [ RunTime:0.001000s ]
SQL: SHOW COLUMNS FROM `user` [ RunTime:0.0040s ]
SQL: SELECT * FROM `user` WHERE `email` = '598119677@qq.com' AND `password` = 'gad' LIMIT 1   [ RunTime:0.0010s ]

[ 2016-05-10T21:03:28+08:00 ] ::1 /albumO/src/Home/Index/login
INFO: [ app_begin ] --START--
INFO: Run Behavior\ReadHtmlCacheBehavior [ RunTime:0.000000s ]
INFO: [ app_begin ] --END-- [ RunTime:0.002000s ]
SQL: SHOW COLUMNS FROM `user` [ RunTime:0.0020s ]
SQL: SELECT * FROM `user` WHERE `email` = '598119677@qq.com' AND `password` = '111111' LIMIT 1   [ RunTime:0.0000s ]
INFO: [ view_parse ] --START--
INFO: [ template_filter ] --START--
INFO: Run Behavior\ContentReplaceBehavior [ RunTime:0.000000s ]
INFO: [ template_filter ] --END-- [ RunTime:0.000000s ]
INFO: Run Behavior\ParseTemplateBehavior [ RunTime:0.008000s ]
INFO: [ view_parse ] --END-- [ RunTime:0.008000s ]
INFO: [ view_filter ] --START--
INFO: Run Behavior\WriteHtmlCacheBehavior [ RunTime:0.000000s ]
INFO: [ view_filter ] --END-- [ RunTime:0.000000s ]
NOTIC: [2] Cannot modify header information - headers already sent by (output started at D:\phpStudy\WWW\albumO\src\ThinkPHP\Library\Think\View.class.php:95) D:\phpStudy\WWW\albumO\src\ThinkPHP\Library\Think\Controller.class.php 第 215 行.

[ 2016-05-10T21:03:31+08:00 ] ::1 /albumO/src/Home/Index/login
INFO: [ app_begin ] --START--
INFO: Run Behavior\ReadHtmlCacheBehavior [ RunTime:0.001000s ]
INFO: [ app_begin ] --END-- [ RunTime:0.001000s ]
SQL: SHOW COLUMNS FROM `user` [ RunTime:0.0000s ]
SQL: SELECT * FROM `user` WHERE `email` = '598119677@qq.com' AND `password` = '111111' LIMIT 1   [ RunTime:0.0000s ]
INFO: [ view_parse ] --START--
INFO: [ template_filter ] --START--
INFO: Run Behavior\ContentReplaceBehavior [ RunTime:0.000000s ]
INFO: [ template_filter ] --END-- [ RunTime:0.000000s ]
INFO: Run Behavior\ParseTemplateBehavior [ RunTime:0.000000s ]
INFO: [ view_parse ] --END-- [ RunTime:0.000000s ]
INFO: [ view_filter ] --START--
INFO: Run Behavior\WriteHtmlCacheBehavior [ RunTime:0.000000s ]
INFO: [ view_filter ] --END-- [ RunTime:0.000000s ]
NOTIC: [2] Cannot modify header information - headers already sent by (output started at D:\phpStudy\WWW\albumO\src\ThinkPHP\Library\Think\View.class.php:95) D:\phpStudy\WWW\albumO\src\ThinkPHP\Library\Think\Controller.class.php 第 215 行.

[ 2016-05-10T21:03:31+08:00 ] ::1 /albumO/src/Home/Index/login
INFO: [ app_begin ] --START--
INFO: Run Behavior\ReadHtmlCacheBehavior [ RunTime:0.000000s ]
INFO: [ app_begin ] --END-- [ RunTime:0.000000s ]
SQL: SHOW COLUMNS FROM `user` [ RunTime:0.0000s ]
SQL: SELECT * FROM `user` WHERE `email` = '598119677@qq.com' AND `password` = '111111' LIMIT 1   [ RunTime:0.0000s ]
INFO: [ view_parse ] --START--
INFO: [ template_filter ] --START--
INFO: Run Behavior\ContentReplaceBehavior [ RunTime:0.000000s ]
INFO: [ template_filter ] --END-- [ RunTime:0.000000s ]
INFO: Run Behavior\ParseTemplateBehavior [ RunTime:0.000000s ]
INFO: [ view_parse ] --END-- [ RunTime:0.000000s ]
INFO: [ view_filter ] --START--
INFO: Run Behavior\WriteHtmlCacheBehavior [ RunTime:0.000000s ]
INFO: [ view_filter ] --END-- [ RunTime:0.000000s ]
NOTIC: [2] Cannot modify header information - headers already sent by (output started at D:\phpStudy\WWW\albumO\src\ThinkPHP\Library\Think\View.class.php:95) D:\phpStudy\WWW\albumO\src\ThinkPHP\Library\Think\Controller.class.php 第 215 行.

[ 2016-05-10T21:03:32+08:00 ] ::1 /albumO/src/Home/Index/login
INFO: [ app_begin ] --START--
INFO: Run Behavior\ReadHtmlCacheBehavior [ RunTime:0.000000s ]
INFO: [ app_begin ] --END-- [ RunTime:0.000000s ]
SQL: SHOW COLUMNS FROM `user` [ RunTime:0.0000s ]
SQL: SELECT * FROM `user` WHERE `email` = '598119677@qq.com' AND `password` = '111111' LIMIT 1   [ RunTime:0.0000s ]
INFO: [ view_parse ] --START--
INFO: [ template_filter ] --START--
INFO: Run Behavior\ContentReplaceBehavior [ RunTime:0.000000s ]
INFO: [ template_filter ] --END-- [ RunTime:0.000000s ]
INFO: Run Behavior\ParseTemplateBehavior [ RunTime:0.000000s ]
INFO: [ view_parse ] --END-- [ RunTime:0.000000s ]
INFO: [ view_filter ] --START--
INFO: Run Behavior\WriteHtmlCacheBehavior [ RunTime:0.000000s ]
INFO: [ view_filter ] --END-- [ RunTime:0.000000s ]
NOTIC: [2] Cannot modify header information - headers already sent by (output started at D:\phpStudy\WWW\albumO\src\ThinkPHP\Library\Think\View.class.php:95) D:\phpStudy\WWW\albumO\src\ThinkPHP\Library\Think\Controller.class.php 第 215 行.

[ 2016-05-10T21:03:32+08:00 ] ::1 /albumO/src/Home/Index/login
INFO: [ app_begin ] --START--
INFO: Run Behavior\ReadHtmlCacheBehavior [ RunTime:0.001000s ]
INFO: [ app_begin ] --END-- [ RunTime:0.001000s ]
SQL: SHOW COLUMNS FROM `user` [ RunTime:0.0000s ]
SQL: SELECT * FROM `user` WHERE `email` = '598119677@qq.com' AND `password` = '111111' LIMIT 1   [ RunTime:0.0000s ]
INFO: [ view_parse ] --START--
INFO: [ template_filter ] --START--
INFO: Run Behavior\ContentReplaceBehavior [ RunTime:0.000000s ]
INFO: [ template_filter ] --END-- [ RunTime:0.000000s ]
INFO: Run Behavior\ParseTemplateBehavior [ RunTime:0.000000s ]
INFO: [ view_parse ] --END-- [ RunTime:0.000000s ]
INFO: [ view_filter ] --START--
INFO: Run Behavior\WriteHtmlCacheBehavior [ RunTime:0.000000s ]
INFO: [ view_filter ] --END-- [ RunTime:0.000000s ]
NOTIC: [2] Cannot modify header information - headers already sent by (output started at D:\phpStudy\WWW\albumO\src\ThinkPHP\Library\Think\View.class.php:95) D:\phpStudy\WWW\albumO\src\ThinkPHP\Library\Think\Controller.class.php 第 215 行.

[ 2016-05-10T21:03:32+08:00 ] ::1 /albumO/src/Home/Index/login
INFO: [ app_begin ] --START--
INFO: Run Behavior\ReadHtmlCacheBehavior [ RunTime:0.001000s ]
INFO: [ app_begin ] --END-- [ RunTime:0.002000s ]
SQL: SHOW COLUMNS FROM `user` [ RunTime:0.0000s ]
SQL: SELECT * FROM `user` WHERE `email` = '598119677@qq.com' AND `password` = '111111' LIMIT 1   [ RunTime:0.0000s ]
INFO: [ view_parse ] --START--
INFO: [ template_filter ] --START--
INFO: Run Behavior\ContentReplaceBehavior [ RunTime:0.000000s ]
INFO: [ template_filter ] --END-- [ RunTime:0.000000s ]
INFO: Run Behavior\ParseTemplateBehavior [ RunTime:0.015600s ]
INFO: [ view_parse ] --END-- [ RunTime:0.015600s ]
INFO: [ view_filter ] --START--
INFO: Run Behavior\WriteHtmlCacheBehavior [ RunTime:0.000000s ]
INFO: [ view_filter ] --END-- [ RunTime:0.000000s ]
NOTIC: [2] Cannot modify header information - headers already sent by (output started at D:\phpStudy\WWW\albumO\src\ThinkPHP\Library\Think\View.class.php:95) D:\phpStudy\WWW\albumO\src\ThinkPHP\Library\Think\Controller.class.php 第 215 行.

[ 2016-05-10T21:03:56+08:00 ] ::1 /albumO/src/Home/Index/login
INFO: [ app_begin ] --START--
INFO: Run Behavior\ReadHtmlCacheBehavior [ RunTime:0.001000s ]
INFO: [ app_begin ] --END-- [ RunTime:0.001000s ]
SQL: SHOW COLUMNS FROM `user` [ RunTime:0.0000s ]
SQL: SELECT * FROM `user` WHERE `email` = '598119677@qq.com' AND `password` = 'gad' LIMIT 1   [ RunTime:0.0000s ]

[ 2016-05-10T21:04:00+08:00 ] ::1 /albumO/src/Home/Index/login
INFO: [ app_begin ] --START--
INFO: Run Behavior\ReadHtmlCacheBehavior [ RunTime:0.001001s ]
INFO: [ app_begin ] --END-- [ RunTime:0.002001s ]
SQL: SHOW COLUMNS FROM `user` [ RunTime:0.0000s ]
SQL: SELECT * FROM `user` WHERE `email` = '598119677@qq.com' AND `password` = 'gad' LIMIT 1   [ RunTime:0.0000s ]

[ 2016-05-10T21:04:18+08:00 ] ::1 /albumO/src/Home/Index/login
INFO: [ app_begin ] --START--
INFO: Run Behavior\ReadHtmlCacheBehavior [ RunTime:0.001000s ]
INFO: [ app_begin ] --END-- [ RunTime:0.002000s ]
SQL: SHOW COLUMNS FROM `user` [ RunTime:0.0000s ]
SQL: SELECT * FROM `user` WHERE `email` = '598119677@qq.com' AND `password` = 'gad' LIMIT 1   [ RunTime:0.0000s ]

[ 2016-05-10T21:04:22+08:00 ] ::1 /albumO/src/Home/Index/login
INFO: [ app_begin ] --START--
INFO: Run Behavior\ReadHtmlCacheBehavior [ RunTime:0.001000s ]
INFO: [ app_begin ] --END-- [ RunTime:0.001000s ]
SQL: SHOW COLUMNS FROM `user` [ RunTime:0.0030s ]
SQL: SELECT * FROM `user` WHERE `email` = '598119677@qq.com' AND `password` = '111111' LIMIT 1   [ RunTime:0.0000s ]

[ 2016-05-10T21:06:15+08:00 ] ::1 /albumO/src/Home/Index/login
INFO: [ app_begin ] --START--
INFO: Run Behavior\ReadHtmlCacheBehavior [ RunTime:0.000000s ]
INFO: [ app_begin ] --END-- [ RunTime:0.002000s ]
SQL: SHOW COLUMNS FROM `user` [ RunTime:0.0040s ]
SQL: SELECT * FROM `user` WHERE `email` = '598119677@qq.com' AND `password` = '111111' LIMIT 1   [ RunTime:0.0000s ]

[ 2016-05-10T21:06:22+08:00 ] ::1 /albumO/src/Home/Index/login
INFO: [ app_begin ] --START--
INFO: Run Behavior\ReadHtmlCacheBehavior [ RunTime:0.001000s ]
INFO: [ app_begin ] --END-- [ RunTime:0.001000s ]
SQL: SHOW COLUMNS FROM `user` [ RunTime:0.0000s ]
SQL: SELECT * FROM `user` WHERE `email` = '598119677@qq.com' AND `password` = 'gad' LIMIT 1   [ RunTime:0.0000s ]

[ 2016-05-10T21:06:27+08:00 ] ::1 /albumO/src/Home/Index/login
INFO: [ app_begin ] --START--
INFO: Run Behavior\ReadHtmlCacheBehavior [ RunTime:0.001001s ]
INFO: [ app_begin ] --END-- [ RunTime:0.001001s ]
SQL: SHOW COLUMNS FROM `user` [ RunTime:0.0030s ]
SQL: SELECT * FROM `user` WHERE `email` = '598119677@qq.com' AND `password` = '111111' LIMIT 1   [ RunTime:0.0000s ]

[ 2016-05-10T21:12:54+08:00 ] ::1 /albumO/src/Home/Index/login
INFO: [ app_begin ] --START--
INFO: Run Behavior\ReadHtmlCacheBehavior [ RunTime:0.000000s ]
INFO: [ app_begin ] --END-- [ RunTime:0.001000s ]
SQL: SHOW COLUMNS FROM `user` [ RunTime:0.0040s ]
SQL: SELECT * FROM `user` WHERE `email` = '598119677@qq.com' AND `password` = '111111' LIMIT 1   [ RunTime:0.0000s ]

[ 2016-05-10T21:13:15+08:00 ] ::1 /albumO/src/Home/Index/login
INFO: [ app_begin ] --START--
INFO: Run Behavior\ReadHtmlCacheBehavior [ RunTime:0.001000s ]
INFO: [ app_begin ] --END-- [ RunTime:0.001000s ]
SQL: SHOW COLUMNS FROM `user` [ RunTime:0.0030s ]
SQL: SELECT * FROM `user` WHERE `email` = '598119677@qq.com' AND `password` = '111111' LIMIT 1   [ RunTime:0.0000s ]

[ 2016-05-10T21:14:28+08:00 ] ::1 /albumO/src/Home/Index/login
INFO: [ app_begin ] --START--
INFO: Run Behavior\ReadHtmlCacheBehavior [ RunTime:0.001000s ]
INFO: [ app_begin ] --END-- [ RunTime:0.001000s ]
SQL: SHOW COLUMNS FROM `user` [ RunTime:0.0020s ]
SQL: SELECT * FROM `user` WHERE `email` = '598119677@qq.com' AND `password` = '111111' LIMIT 1   [ RunTime:0.0000s ]

[ 2016-05-10T21:15:19+08:00 ] ::1 /albumO/src/Home/Index/login
INFO: [ app_begin ] --START--
INFO: Run Behavior\ReadHtmlCacheBehavior [ RunTime:0.000000s ]
INFO: [ app_begin ] --END-- [ RunTime:0.002000s ]
SQL: SHOW COLUMNS FROM `user` [ RunTime:0.0020s ]
SQL: SELECT * FROM `user` WHERE `email` = '598119677@qq.com' AND `password` = '111111' LIMIT 1   [ RunTime:0.0000s ]

[ 2016-05-10T21:15:23+08:00 ] ::1 /albumO/src/Home/Index/login
INFO: [ app_begin ] --START--
INFO: Run Behavior\ReadHtmlCacheBehavior [ RunTime:0.001000s ]
INFO: [ app_begin ] --END-- [ RunTime:0.001000s ]
SQL: SHOW COLUMNS FROM `user` [ RunTime:0.0000s ]
SQL: SELECT * FROM `user` WHERE `email` = '598119677@qq.com' AND `password` = '111111' LIMIT 1   [ RunTime:0.0000s ]

[ 2016-05-10T21:16:57+08:00 ] ::1 /albumO/src/Home/Index/login
INFO: [ app_begin ] --START--
INFO: Run Behavior\ReadHtmlCacheBehavior [ RunTime:0.001000s ]
INFO: [ app_begin ] --END-- [ RunTime:0.001000s ]
SQL: SHOW COLUMNS FROM `user` [ RunTime:0.0030s ]
SQL: SELECT * FROM `user` WHERE `email` = '598119677@qq.com' AND `password` = '111111' LIMIT 1   [ RunTime:0.0000s ]

[ 2016-05-10T21:18:02+08:00 ] ::1 /albumO/src/Home/Index/login
INFO: [ app_begin ] --START--
INFO: Run Behavior\ReadHtmlCacheBehavior [ RunTime:0.001000s ]
INFO: [ app_begin ] --END-- [ RunTime:0.001000s ]
SQL: SHOW COLUMNS FROM `user` [ RunTime:0.0020s ]
SQL: SELECT * FROM `user` WHERE `email` = '598119677@qq.com' AND `password` = '111111' LIMIT 1   [ RunTime:0.0000s ]

[ 2016-05-10T21:18:05+08:00 ] ::1 /albumO/src/Home/Index/login
INFO: [ app_begin ] --START--
INFO: Run Behavior\ReadHtmlCacheBehavior [ RunTime:0.001000s ]
INFO: [ app_begin ] --END-- [ RunTime:0.001000s ]
SQL: SHOW COLUMNS FROM `user` [ RunTime:0.0000s ]
SQL: SELECT * FROM `user` WHERE `email` = '598119677@qq.com' AND `password` = '111111' LIMIT 1   [ RunTime:0.0000s ]

[ 2016-05-10T21:18:38+08:00 ] ::1 /albumO/src/Home/Index/login
INFO: [ app_begin ] --START--
INFO: Run Behavior\ReadHtmlCacheBehavior [ RunTime:0.001000s ]
INFO: [ app_begin ] --END-- [ RunTime:0.002000s ]
SQL: SHOW COLUMNS FROM `user` [ RunTime:0.0000s ]
SQL: SELECT * FROM `user` WHERE `email` = '598119677@qq.com' AND `password` = 'gad' LIMIT 1   [ RunTime:0.0000s ]

[ 2016-05-10T21:18:43+08:00 ] ::1 /albumO/src/Home/Index/login
INFO: [ app_begin ] --START--
INFO: Run Behavior\ReadHtmlCacheBehavior [ RunTime:0.000000s ]
INFO: [ app_begin ] --END-- [ RunTime:0.001000s ]
SQL: SHOW COLUMNS FROM `user` [ RunTime:0.0030s ]
SQL: SELECT * FROM `user` WHERE `email` = '598119677@qq.com' AND `password` = '111111' LIMIT 1   [ RunTime:0.0000s ]

[ 2016-05-10T21:18:57+08:00 ] ::1 /albumO/src/Home/Index/login
INFO: [ app_begin ] --START--
INFO: Run Behavior\ReadHtmlCacheBehavior [ RunTime:0.000000s ]
INFO: [ app_begin ] --END-- [ RunTime:0.001000s ]
SQL: SHOW COLUMNS FROM `user` [ RunTime:0.0030s ]
SQL: SELECT * FROM `user` WHERE `email` = '598119677@qq.com' AND `password` = '111111' LIMIT 1   [ RunTime:0.0000s ]

[ 2016-05-10T22:06:09+08:00 ] ::1 /albumO/src/Home/Index/login
INFO: [ app_begin ] --START--
INFO: Run Behavior\ReadHtmlCacheBehavior [ RunTime:0.000000s ]
INFO: [ app_begin ] --END-- [ RunTime:0.001000s ]
SQL: SHOW COLUMNS FROM `user` [ RunTime:0.0030s ]
SQL: SELECT * FROM `user` WHERE `email` = '598119677@qq.com' AND `password` = '111111' LIMIT 1   [ RunTime:0.0000s ]

[ 2016-05-10T22:38:12+08:00 ] ::1 /albumO/src/Home/Index/login
INFO: [ app_begin ] --START--
INFO: Run Behavior\ReadHtmlCacheBehavior [ RunTime:0.001000s ]
INFO: [ app_begin ] --END-- [ RunTime:0.001000s ]
SQL: SHOW COLUMNS FROM `user` [ RunTime:0.0020s ]
SQL: SELECT * FROM `user` WHERE `email` = '598119677@qq.com' AND `password` = '111111' LIMIT 1   [ RunTime:0.0000s ]

